Latest fetch on 2/13/2024 at 6:28:43 AM, for which:
 - 484 pages of reports were found
 - 4832 total reports were found
 - 21 new reports were found

 - All responses count: 5865
 - All replies count: 3784


 - All responses count: 5863
 - All replies count: 3784


 - All responses count: 6064
 - All replies count: 3766


 - All responses count: 6064
 - All replies count: 3766


 - All responses count: 6072
 - All replies count: 3766


 - All responses count: 6072
 - All replies count: 3766


 - All responses count: 6061
 - All replies count: 3766


 - All responses count: 6061
 - All replies count: 3766


 - All responses count: 6076
 - All replies count: 3768
