year
====================
no. reports parsed: 714
no. years covered: 1.1
mean per year: 649.1
median per year: 4.0
IQR of years: [1.5, 108.5]


death categories
====================
no. reports parsed: 714
no. categories in reports: 1041
no. categories: 17
mean per category: 61.2
median per category: 47.0
IQR of categories: [30.0, 62.0]


coroner areas
====================
no. parsed reports: 714
no. areas: 75
mean per area: 9.5
median per area: 8.0
IQR of areas: [3.5, 11.0]


coroners' society
====================
no. names in society: 965
names in society with reports: [229.0, 23.7]
names in society without reports: [736.0, 76.3]
coroners in society male: [363.0, 37.6]
coroners in society female: [340.0, 35.2]
coroners in society unknown: [262.0, 27.2]


coroners in reports
====================
reports from male coroners: [332.0, 46.5]
reports from female coroners: [324.0, 45.4]
reports from unknown coroners: [58.0, 8.1]
no. reports parsed: 714
no. coroner names in reports: 238
reports from top 30 names: [267.0, 37.4]
mean per name: 3.0
median per name: 2.0
IQR of names: [1.0, 4.0]
reports from top 400 names: [4770.0, 98.7]
reports from top 10 names: [916.0, 19.0]


this report is sent to
====================
reports parsed: [713.0, 11.8]
reports without recipients: [5330.0, 88.2]
reports failed: [0.0, 0.0]
reports no sent_to: [1.0, 0.0]
reports pending: [5417.0, 89.6]
reports overdue: [69.0, 1.1]
reports partial: [61.0, 1.0]
reports completed: [495.0, 8.2]


requests for response
====================
no. recipients with requests: 567
no. requests for response: 1243
requests pending: [155.0, 12.5]
requests received: [784.0, 63.1]
requests overdue: [304.0, 24.5]
mean no. requests per recipient: 2.2
median no. requests per recipient: 1.0
IQR of requests per recipients: [1.0, 2.0]


